# JRE version: Java(TM) SE Runtime Environment (8.0_40-b26) (build 1.8.0_40-b26)
# Java VM: Java HotSpot(TM) 64-Bit Server VM (25.40-b25 mixed mode windows-amd64 compressed oops)
Heap:
 PSYoungGen      total 158208K, used 43246K [0x00000000eab00000, 0x00000000f6580000, 0x0000000100000000)
  eden space 133120K, 32% used [0x00000000eab00000,0x00000000ed53b9f8,0x00000000f2d00000)
  from space 25088K, 0% used [0x00000000f2d00000,0x00000000f2d00000,0x00000000f4580000)
  to   space 27136K, 0% used [0x00000000f4b00000,0x00000000f4b00000,0x00000000f6580000)
 ParOldGen       total 113664K, used 41572K [0x00000000c0000000, 0x00000000c6f00000, 0x00000000eab00000)
  object space 113664K, 36% used [0x00000000c0000000,0x00000000c2899160,0x00000000c6f00000)
 Metaspace       used 48855K, capacity 50478K, committed 50816K, reserved 1093632K
  class space    used 6552K, capacity 7172K, committed 7296K, reserved 1048576K
GC Heap History (10 events):
Event: 7.368 GC heap before
{Heap before GC invocations=10 (full 2):
 PSYoungGen      total 129024K, used 12272K [0x00000000eab00000, 0x00000000f3f80000, 0x0000000100000000)
  eden space 116736K, 0% used [0x00000000eab00000,0x00000000eab00000,0x00000000f1d00000)
  from space 12288K, 99% used [0x00000000f2d00000,0x00000000f38fc040,0x00000000f3900000)
  to   space 16384K, 0% used [0x00000000f1d00000,0x00000000f1d00000,0x00000000f2d00000)
 ParOldGen       total 66560K, used 15136K [0x00000000c0000000, 0x00000000c4100000, 0x00000000eab00000)
  object space 66560K, 22% used [0x00000000c0000000,0x00000000c0ec80a0,0x00000000c4100000)
 Metaspace       used 34401K, capacity 35388K, committed 35456K, reserved 1079296K
  class space    used 4579K, capacity 4984K, committed 4992K, reserved 1048576K
Event: 7.523 GC heap after
Heap after GC invocations=10 (full 2):
 PSYoungGen      total 129024K, used 0K [0x00000000eab00000, 0x00000000f3f80000, 0x0000000100000000)
  eden space 116736K, 0% used [0x00000000eab00000,0x00000000eab00000,0x00000000f1d00000)
  from space 12288K, 0% used [0x00000000f2d00000,0x00000000f2d00000,0x00000000f3900000)
  to   space 16384K, 0% used [0x00000000f1d00000,0x00000000f1d00000,0x00000000f2d00000)
 ParOldGen       total 113664K, used 23145K [0x00000000c0000000, 0x00000000c6f00000, 0x00000000eab00000)
  object space 113664K, 20% used [0x00000000c0000000,0x00000000c169a400,0x00000000c6f00000)
 Metaspace       used 34401K, capacity 35388K, committed 35456K, reserved 1079296K
  class space    used 4579K, capacity 4984K, committed 4992K, reserved 1048576K
}
Event: 9.286 GC heap before
{Heap before GC invocations=11 (full 2):
 PSYoungGen      total 129024K, used 116736K [0x00000000eab00000, 0x00000000f3f80000, 0x0000000100000000)
  eden space 116736K, 100% used [0x00000000eab00000,0x00000000f1d00000,0x00000000f1d00000)
  from space 12288K, 0% used [0x00000000f2d00000,0x00000000f2d00000,0x00000000f3900000)
  to   space 16384K, 0% used [0x00000000f1d00000,0x00000000f1d00000,0x00000000f2d00000)
 ParOldGen       total 113664K, used 23145K [0x00000000c0000000, 0x00000000c6f00000, 0x00000000eab00000)
  object space 113664K, 20% used [0x00000000c0000000,0x00000000c169a400,0x00000000c6f00000)
 Metaspace       used 38183K, capacity 39490K, committed 39680K, reserved 1083392K
  class space    used 5121K, capacity 5577K, committed 5632K, reserved 1048576K
Event: 9.309 GC heap after
Heap after GC invocations=11 (full 2):
 PSYoungGen      total 133120K, used 16344K [0x00000000eab00000, 0x00000000f5800000, 0x0000000100000000)
  eden space 116736K, 0% used [0x00000000eab00000,0x00000000eab00000,0x00000000f1d00000)
  from space 16384K, 99% used [0x00000000f1d00000,0x00000000f2cf60e0,0x00000000f2d00000)
  to   space 18944K, 0% used [0x00000000f4580000,0x00000000f4580000,0x00000000f5800000)
 ParOldGen       total 113664K, used 23153K [0x00000000c0000000, 0x00000000c6f00000, 0x00000000eab00000)
  object space 113664K, 20% used [0x00000000c0000000,0x00000000c169c400,0x00000000c6f00000)
 Metaspace       used 38183K, capacity 39490K, committed 39680K, reserved 1083392K
  class space    used 5121K, capacity 5577K, committed 5632K, reserved 1048576K
}
Event: 14.945 GC heap before
{Heap before GC invocations=12 (full 2):
 PSYoungGen      total 133120K, used 133080K [0x00000000eab00000, 0x00000000f5800000, 0x0000000100000000)
  eden space 116736K, 100% used [0x00000000eab00000,0x00000000f1d00000,0x00000000f1d00000)
  from space 16384K, 99% used [0x00000000f1d00000,0x00000000f2cf60e0,0x00000000f2d00000)
  to   space 18944K, 0% used [0x00000000f4580000,0x00000000f4580000,0x00000000f5800000)
 ParOldGen       total 113664K, used 23153K [0x00000000c0000000, 0x00000000c6f00000, 0x00000000eab00000)
  object space 113664K, 20% used [0x00000000c0000000,0x00000000c169c400,0x00000000c6f00000)
 Metaspace       used 48445K, capacity 49968K, committed 50176K, reserved 1091584K
  class space    used 6499K, capacity 7062K, committed 7168K, reserved 1048576K
Event: 14.983 GC heap after
Heap after GC invocations=12 (full 2):
 PSYoungGen      total 152064K, used 18938K [0x00000000eab00000, 0x00000000f6180000, 0x0000000100000000)
  eden space 133120K, 0% used [0x00000000eab00000,0x00000000eab00000,0x00000000f2d00000)
  from space 18944K, 99% used [0x00000000f4580000,0x00000000f57fe940,0x00000000f5800000)
  to   space 25088K, 0% used [0x00000000f2d00000,0x00000000f2d00000,0x00000000f4580000)
 ParOldGen       total 113664K, used 32436K [0x00000000c0000000, 0x00000000c6f00000, 0x00000000eab00000)
  object space 113664K, 28% used [0x00000000c0000000,0x00000000c1fad358,0x00000000c6f00000)
 Metaspace       used 48445K, capacity 49968K, committed 50176K, reserved 1091584K
  class space    used 6499K, capacity 7062K, committed 7168K, reserved 1048576K
}
Event: 15.152 GC heap before
{Heap before GC invocations=13 (full 2):
 PSYoungGen      total 152064K, used 32997K [0x00000000eab00000, 0x00000000f6180000, 0x0000000100000000)
  eden space 133120K, 10% used [0x00000000eab00000,0x00000000eb8bab98,0x00000000f2d00000)
  from space 18944K, 99% used [0x00000000f4580000,0x00000000f57fe940,0x00000000f5800000)
  to   space 25088K, 0% used [0x00000000f2d00000,0x00000000f2d00000,0x00000000f4580000)
 ParOldGen       total 113664K, used 32436K [0x00000000c0000000, 0x00000000c6f00000, 0x00000000eab00000)
  object space 113664K, 28% used [0x00000000c0000000,0x00000000c1fad358,0x00000000c6f00000)
 Metaspace       used 48680K, capacity 50150K, committed 50432K, reserved 1093632K
  class space    used 6536K, capacity 7098K, committed 7168K, reserved 1048576K
Event: 15.180 GC heap after
Heap after GC invocations=13 (full 2):
 PSYoungGen      total 158208K, used 19261K [0x00000000eab00000, 0x00000000f6580000, 0x0000000100000000)
  eden space 133120K, 0% used [0x00000000eab00000,0x00000000eab00000,0x00000000f2d00000)
  from space 25088K, 76% used [0x00000000f2d00000,0x00000000f3fcf668,0x00000000f4580000)
  to   space 27136K, 0% used [0x00000000f4b00000,0x00000000f4b00000,0x00000000f6580000)
 ParOldGen       total 113664K, used 32444K [0x00000000c0000000, 0x00000000c6f00000, 0x00000000eab00000)
  object space 113664K, 28% used [0x00000000c0000000,0x00000000c1faf358,0x00000000c6f00000)
 Metaspace       used 48680K, capacity 50150K, committed 50432K, reserved 1093632K
  class space    used 6536K, capacity 7098K, committed 7168K, reserved 1048576K
}
Event: 15.180 GC heap before
{Heap before GC invocations=14 (full 3):
 PSYoungGen      total 158208K, used 19261K [0x00000000eab00000, 0x00000000f6580000, 0x0000000100000000)
  eden space 133120K, 0% used [0x00000000eab00000,0x00000000eab00000,0x00000000f2d00000)
  from space 25088K, 76% used [0x00000000f2d00000,0x00000000f3fcf668,0x00000000f4580000)
  to   space 27136K, 0% used [0x00000000f4b00000,0x00000000f4b00000,0x00000000f6580000)
 ParOldGen       total 113664K, used 32444K [0x00000000c0000000, 0x00000000c6f00000, 0x00000000eab00000)
  object space 113664K, 28% used [0x00000000c0000000,0x00000000c1faf358,0x00000000c6f00000)
 Metaspace       used 48680K, capacity 50150K, committed 50432K, reserved 1093632K
  class space    used 6536K, capacity 7098K, committed 7168K, reserved 1048576K
Event: 15.533 GC heap after
Heap after GC invocations=14 (full 3):
 PSYoungGen      total 158208K, used 0K [0x00000000eab00000, 0x00000000f6580000, 0x0000000100000000)
  eden space 133120K, 0% used [0x00000000eab00000,0x00000000eab00000,0x00000000f2d00000)
  from space 25088K, 0% used [0x00000000f2d00000,0x00000000f2d00000,0x00000000f4580000)
  to   space 27136K, 0% used [0x00000000f4b00000,0x00000000f4b00000,0x00000000f6580000)
 ParOldGen       total 113664K, used 41572K [0x00000000c0000000, 0x00000000c6f00000, 0x00000000eab00000)
  object space 113664K, 36% used [0x00000000c0000000,0x00000000c2899160,0x00000000c6f00000)
 Metaspace       used 48647K, capacity 50036K, committed 50432K, reserved 1093632K
  class space    used 6528K, capacity 7064K, committed 7168K, reserved 1048576K
}

